fpl_20_fl_digits_100_10
{'mnist': 6, 'syn': 7, 'usps': 4, 'svhn': 3}
['mnist' 'syn' 'usps' 'mnist' 'syn' 'syn' 'syn' 'syn' 'usps' 'syn' 'usps'
 'svhn' 'mnist' 'syn' 'svhn' 'mnist' 'mnist' 'mnist' 'svhn' 'usps']
Partition 0: 4 clusters
Partition 1: 2 clusters
Partition 0: 5 clusters
Partition 1: 2 clusters
Partition 0: 3 clusters
Partition 0: 5 clusters
Partition 1: 2 clusters
Partition 0: 3 clusters
Partition 0: 3 clusters
Partition 0: 4 clusters
Partition 0: 3 clusters
Partition 0: 4 clusters
Partition 1: 2 clusters
Partition 0: 3 clusters
The 0 Communcation Accuracy: 13.545 Method: fpl
[11.37, 13.15, 19.26, 10.4]
Partition 0: 4 clusters
Partition 0: 5 clusters
Partition 1: 2 clusters
Partition 0: 4 clusters
Partition 1: 2 clusters
Partition 0: 3 clusters
Partition 0: 3 clusters
Partition 0: 3 clusters
Partition 0: 4 clusters
Partition 1: 2 clusters
Partition 0: 3 clusters
Partition 0: 4 clusters
Partition 1: 2 clusters
Partition 0: 4 clusters
Partition 1: 2 clusters
The 1 Communcation Accuracy: 22.545 Method: fpl
[31.43, 31.84, 16.66, 10.25]
Partition 0: 4 clusters
Partition 1: 2 clusters
Partition 0: 4 clusters
Partition 1: 2 clusters
Partition 0: 5 clusters
Partition 1: 2 clusters
Partition 0: 4 clusters
Partition 1: 2 clusters
Partition 0: 3 clusters
Partition 0: 2 clusters
Partition 0: 3 clusters
Partition 0: 3 clusters
Partition 0: 2 clusters
Partition 0: 4 clusters
Partition 1: 2 clusters
The 2 Communcation Accuracy: 36.102 Method: fpl
[56.22, 49.93, 24.28, 13.98]
Partition 0: 3 clusters
Partition 0: 3 clusters
Partition 0: 4 clusters
Partition 0: 4 clusters
Partition 1: 2 clusters
Partition 0: 4 clusters
Partition 1: 2 clusters
Partition 0: 2 clusters
Partition 0: 4 clusters
Partition 0: 4 clusters
Partition 1: 2 clusters
Partition 0: 2 clusters
Partition 0: 3 clusters
The 3 Communcation Accuracy: 39.958 Method: fpl
[65.66, 48.53, 31.71, 13.93]
Partition 0: 2 clusters
Partition 0: 3 clusters
Partition 0: 2 clusters
Partition 0: 3 clusters
Partition 0: 3 clusters
Partition 0: 5 clusters
Partition 0: 3 clusters
Partition 0: 4 clusters
Partition 1: 2 clusters
Partition 0: 4 clusters
Partition 1: 2 clusters
Partition 0: 3 clusters
The 4 Communcation Accuracy: 53.392 Method: fpl
[84.77, 72.85, 40.23, 15.72]
Partition 0: 3 clusters
Partition 0: 3 clusters
Partition 0: 4 clusters
Partition 1: 2 clusters
Partition 0: 3 clusters
Partition 0: 2 clusters
Partition 0: 6 clusters
Partition 1: 2 clusters
Partition 0: 3 clusters
Partition 0: 3 clusters
Partition 0: 3 clusters
Partition 0: 4 clusters
Partition 1: 2 clusters
The 5 Communcation Accuracy: 60.578 Method: fpl
[89.41, 81.51, 50.74, 20.65]
Partition 0: 3 clusters
Partition 0: 4 clusters
Partition 0: 5 clusters
Partition 1: 2 clusters
Partition 0: 3 clusters
Partition 0: 3 clusters
Partition 0: 3 clusters
Partition 0: 3 clusters
Partition 0: 4 clusters
Partition 1: 2 clusters
Partition 0: 4 clusters
Partition 0: 3 clusters
The 6 Communcation Accuracy: 65.665 Method: fpl
[90.93, 84.16, 62.3, 25.27]
Partition 0: 3 clusters
Partition 0: 3 clusters
Partition 0: 4 clusters
Partition 1: 2 clusters
Partition 0: 3 clusters
Partition 0: 2 clusters
Partition 0: 2 clusters
Partition 0: 3 clusters
Partition 0: 3 clusters
Partition 0: 3 clusters
Partition 0: 2 clusters
The 7 Communcation Accuracy: 68.728 Method: fpl
[94.17, 86.25, 64.94, 29.55]
Partition 0: 3 clusters
Partition 0: 5 clusters
Partition 1: 2 clusters
Partition 0: 5 clusters
Partition 1: 2 clusters
Partition 0: 3 clusters
Partition 0: 4 clusters
Partition 1: 2 clusters
Partition 0: 3 clusters
Partition 0: 3 clusters
Partition 0: 5 clusters
Partition 1: 2 clusters
Partition 0: 3 clusters
Partition 0: 3 clusters
The 8 Communcation Accuracy: 71.152 Method: fpl
[94.87, 86.3, 70.01, 33.43]
Partition 0: 3 clusters
Partition 0: 3 clusters
Partition 0: 2 clusters
Partition 0: 2 clusters
Partition 0: 5 clusters
Partition 1: 2 clusters
Partition 0: 3 clusters
Partition 0: 4 clusters
Partition 0: 4 clusters
Partition 1: 2 clusters
Partition 0: 3 clusters
Partition 0: 5 clusters
Partition 1: 2 clusters
The 9 Communcation Accuracy: 71.422 Method: fpl
[95.92, 88.24, 71.53, 30.0]
Partition 0: 2 clusters
Partition 0: 3 clusters
Partition 0: 2 clusters
Partition 0: 3 clusters
Partition 0: 4 clusters
Partition 1: 2 clusters
Partition 0: 2 clusters
Partition 0: 4 clusters
Partition 1: 2 clusters
Partition 0: 3 clusters
Partition 0: 3 clusters
Partition 0: 3 clusters
The 10 Communcation Accuracy: 72.785 Method: fpl
[96.64, 88.64, 72.68, 33.18]
Partition 0: 5 clusters
Partition 1: 2 clusters
Partition 0: 2 clusters
Partition 0: 4 clusters
Partition 1: 2 clusters
Partition 0: 2 clusters
Partition 0: 2 clusters
Partition 0: 4 clusters
Partition 0: 2 clusters
Partition 0: 3 clusters
Partition 0: 6 clusters
Partition 1: 2 clusters
Partition 0: 4 clusters
Partition 1: 2 clusters
The 11 Communcation Accuracy: 73.92 Method: fpl
[97.05, 88.89, 74.27, 35.47]
Partition 0: 4 clusters
Partition 1: 2 clusters
Partition 0: 4 clusters
Partition 1: 2 clusters
Partition 0: 3 clusters
Partition 0: 3 clusters
Partition 0: 3 clusters
Partition 0: 4 clusters
Partition 1: 2 clusters
Partition 0: 3 clusters
Partition 0: 3 clusters
Partition 0: 4 clusters
Partition 1: 2 clusters
Partition 0: 4 clusters
Partition 1: 2 clusters
The 12 Communcation Accuracy: 74.558 Method: fpl
[97.3, 89.39, 75.87, 35.67]
Partition 0: 2 clusters
Partition 0: 4 clusters
Partition 1: 2 clusters
Partition 0: 3 clusters
Partition 0: 2 clusters
Partition 0: 4 clusters
Partition 1: 2 clusters
Partition 0: 2 clusters
Partition 0: 4 clusters
Partition 0: 4 clusters
Partition 1: 2 clusters
Partition 0: 5 clusters
Partition 1: 2 clusters
Partition 0: 5 clusters
Partition 1: 2 clusters
The 13 Communcation Accuracy: 75.15 Method: fpl
[97.4, 89.54, 76.74, 36.92]
Partition 0: 5 clusters
Partition 1: 2 clusters
Partition 0: 2 clusters
Partition 0: 4 clusters
Partition 0: 5 clusters
Partition 1: 2 clusters
Partition 0: 3 clusters
Partition 0: 5 clusters
Partition 1: 2 clusters
Partition 0: 4 clusters
Partition 0: 3 clusters
Partition 0: 3 clusters
Partition 0: 4 clusters
Partition 1: 2 clusters
The 14 Communcation Accuracy: 75.692 Method: fpl
[97.41, 89.69, 77.26, 38.41]
Partition 0: 3 clusters
Partition 0: 3 clusters
Partition 0: 7 clusters
Partition 1: 2 clusters
Partition 0: 5 clusters
Partition 1: 2 clusters
Partition 0: 3 clusters
Partition 0: 4 clusters
Partition 1: 2 clusters
Partition 0: 3 clusters
Partition 0: 5 clusters
Partition 0: 5 clusters
Partition 1: 2 clusters
Partition 0: 3 clusters
The 15 Communcation Accuracy: 76.357 Method: fpl
[97.38, 89.19, 78.96, 39.9]
Partition 0: 5 clusters
Partition 1: 2 clusters
Partition 0: 3 clusters
Partition 0: 3 clusters
Partition 0: 4 clusters
Partition 0: 3 clusters
Partition 0: 3 clusters
Partition 0: 7 clusters
Partition 1: 2 clusters
Partition 0: 3 clusters
Partition 0: 2 clusters
Partition 0: 4 clusters
Partition 1: 2 clusters
The 16 Communcation Accuracy: 76.375 Method: fpl
[97.65, 89.84, 77.66, 40.35]
Partition 0: 4 clusters
Partition 0: 4 clusters
Partition 1: 2 clusters
Partition 0: 4 clusters
Partition 1: 2 clusters
Partition 0: 6 clusters
Partition 1: 2 clusters
Partition 0: 4 clusters
Partition 1: 2 clusters
Partition 0: 5 clusters
Partition 1: 2 clusters
Partition 0: 3 clusters
Partition 0: 3 clusters
Partition 0: 3 clusters
Partition 0: 5 clusters
Partition 1: 2 clusters
The 17 Communcation Accuracy: 76.305 Method: fpl
[97.55, 88.79, 78.38, 40.5]
Partition 0: 4 clusters
Partition 1: 2 clusters
Partition 0: 2 clusters
Partition 0: 5 clusters
Partition 1: 2 clusters
Partition 0: 2 clusters
Partition 0: 4 clusters
Partition 0: 3 clusters
Partition 0: 3 clusters
Partition 0: 3 clusters
Partition 0: 4 clusters
Partition 0: 3 clusters
The 18 Communcation Accuracy: 76.928 Method: fpl
[97.58, 89.64, 79.74, 40.75]
Partition 0: 4 clusters
Partition 1: 2 clusters
Partition 0: 4 clusters
Partition 0: 3 clusters
Partition 0: 3 clusters
Partition 0: 4 clusters
Partition 0: 3 clusters
Partition 0: 3 clusters
Partition 0: 6 clusters
Partition 1: 2 clusters
Partition 0: 3 clusters
Partition 0: 3 clusters
The 19 Communcation Accuracy: 77.152 Method: fpl
[97.57, 88.39, 79.27, 43.38]
Partition 0: 4 clusters
Partition 1: 2 clusters
Partition 0: 4 clusters
Partition 0: 3 clusters
Partition 0: 2 clusters
Partition 0: 4 clusters
Partition 0: 3 clusters
Partition 0: 3 clusters
Partition 0: 3 clusters
Partition 0: 2 clusters
Partition 0: 3 clusters
The 20 Communcation Accuracy: 77.18 Method: fpl
[97.7, 88.44, 79.74, 42.84]
Partition 0: 3 clusters
Partition 0: 4 clusters
Partition 1: 2 clusters
Partition 0: 3 clusters
Partition 0: 3 clusters
Partition 0: 2 clusters
Partition 0: 5 clusters
Partition 0: 3 clusters
Partition 0: 4 clusters
Partition 0: 3 clusters
Partition 0: 4 clusters
The 21 Communcation Accuracy: 77.68 Method: fpl
[97.69, 90.23, 79.91, 42.89]
Partition 0: 4 clusters
Partition 0: 4 clusters
Partition 1: 2 clusters
Partition 0: 4 clusters
Partition 1: 2 clusters
Partition 0: 2 clusters
Partition 0: 6 clusters
Partition 1: 2 clusters
Partition 0: 5 clusters
Partition 1: 2 clusters
Partition 0: 3 clusters
Partition 0: 3 clusters
Partition 0: 5 clusters
Partition 1: 2 clusters
Partition 0: 2 clusters
The 22 Communcation Accuracy: 77.822 Method: fpl
[97.91, 91.18, 80.46, 41.74]
Partition 0: 2 clusters
Partition 0: 4 clusters
Partition 1: 2 clusters
Partition 0: 2 clusters
Partition 0: 4 clusters
Partition 1: 2 clusters
Partition 0: 1 clusters
Partition 0: 2 clusters
Partition 0: 2 clusters
Partition 0: 4 clusters
Partition 0: 2 clusters
Partition 0: 4 clusters
Partition 1: 2 clusters
The 23 Communcation Accuracy: 77.412 Method: fpl
[97.91, 89.69, 80.06, 41.99]
Partition 0: 3 clusters
Partition 0: 3 clusters
Partition 0: 3 clusters
Partition 0: 3 clusters
Partition 0: 3 clusters
Partition 0: 5 clusters
Partition 1: 2 clusters
Partition 0: 2 clusters
Partition 0: 5 clusters
Partition 0: 3 clusters
Partition 0: 2 clusters
The 24 Communcation Accuracy: 77.905 Method: fpl
[97.7, 88.84, 80.6, 44.48]
Partition 0: 4 clusters
Partition 1: 2 clusters
Partition 0: 2 clusters
Partition 0: 4 clusters
Partition 0: 5 clusters
Partition 1: 2 clusters
Partition 0: 3 clusters
Partition 0: 2 clusters
Partition 0: 2 clusters
Partition 0: 3 clusters
Partition 0: 3 clusters
Partition 0: 3 clusters
The 25 Communcation Accuracy: 77.863 Method: fpl
[97.78, 88.89, 80.5, 44.28]
Partition 0: 3 clusters
Partition 0: 3 clusters
Partition 0: 3 clusters
Partition 0: 2 clusters
Partition 0: 2 clusters
Partition 0: 3 clusters
Partition 0: 4 clusters
Partition 1: 2 clusters
Partition 0: 4 clusters
Partition 0: 4 clusters
Partition 0: 4 clusters
The 26 Communcation Accuracy: 77.728 Method: fpl
[98.06, 89.49, 80.62, 42.74]
Partition 0: 4 clusters
Partition 1: 2 clusters
Partition 0: 2 clusters
Partition 0: 3 clusters
Partition 0: 6 clusters
Partition 0: 3 clusters
Partition 0: 4 clusters
Partition 0: 4 clusters
Partition 1: 2 clusters
Partition 0: 5 clusters
Partition 0: 2 clusters
Partition 0: 4 clusters
The 27 Communcation Accuracy: 78.31 Method: fpl
[97.91, 89.64, 81.16, 44.53]
Partition 0: 2 clusters
Partition 0: 3 clusters
Partition 0: 3 clusters
Partition 0: 5 clusters
Partition 0: 4 clusters
Partition 1: 2 clusters
Partition 0: 5 clusters
Partition 1: 2 clusters
Partition 0: 3 clusters
Partition 0: 3 clusters
Partition 0: 2 clusters
Partition 0: 2 clusters
The 28 Communcation Accuracy: 78.52 Method: fpl
[97.97, 90.18, 80.76, 45.17]
Partition 0: 3 clusters
Partition 0: 4 clusters
Partition 1: 2 clusters
Partition 0: 2 clusters
Partition 0: 3 clusters
Partition 0: 3 clusters
Partition 0: 4 clusters
Partition 0: 3 clusters
Partition 0: 3 clusters
Partition 0: 2 clusters
Partition 0: 2 clusters
The 29 Communcation Accuracy: 78.767 Method: fpl
[97.95, 89.19, 81.16, 46.77]
Partition 0: 2 clusters
Partition 0: 3 clusters
Partition 0: 4 clusters
Partition 0: 2 clusters
Partition 0: 2 clusters
Partition 0: 3 clusters
Partition 0: 2 clusters
Partition 0: 4 clusters
Partition 0: 4 clusters
Partition 1: 2 clusters
Partition 0: 2 clusters
The 30 Communcation Accuracy: 78.458 Method: fpl
[97.75, 89.94, 80.37, 45.77]
Partition 0: 4 clusters
Partition 1: 2 clusters
Partition 0: 2 clusters
Partition 0: 3 clusters
Partition 0: 5 clusters
Partition 1: 2 clusters
Partition 0: 4 clusters
Partition 1: 2 clusters
Partition 0: 2 clusters
Partition 0: 4 clusters
Partition 0: 4 clusters
Partition 1: 2 clusters
Partition 0: 2 clusters
Partition 0: 2 clusters
The 31 Communcation Accuracy: 78.71 Method: fpl
[98.04, 89.39, 80.79, 46.62]
Partition 0: 2 clusters
Partition 0: 3 clusters
Partition 0: 2 clusters
Partition 0: 1 clusters
Partition 0: 4 clusters
Partition 1: 2 clusters
Partition 0: 2 clusters
Partition 0: 2 clusters
Partition 0: 4 clusters
Partition 1: 2 clusters
Partition 0: 4 clusters
Partition 1: 2 clusters
Partition 0: 3 clusters
The 32 Communcation Accuracy: 79.062 Method: fpl
[98.11, 90.03, 81.24, 46.87]
Partition 0: 3 clusters
Partition 0: 4 clusters
Partition 0: 3 clusters
Partition 0: 5 clusters
Partition 1: 2 clusters
Partition 0: 4 clusters
Partition 0: 3 clusters
Partition 0: 4 clusters
Partition 0: 2 clusters
Partition 0: 3 clusters
Partition 0: 3 clusters
The 33 Communcation Accuracy: 78.727 Method: fpl
[98.13, 89.39, 81.52, 45.87]
Partition 0: 2 clusters
Partition 0: 3 clusters
Partition 0: 2 clusters
Partition 0: 3 clusters
Partition 0: 3 clusters
Partition 0: 2 clusters
Partition 0: 6 clusters
Partition 0: 3 clusters
Partition 0: 4 clusters
Partition 0: 4 clusters
The 34 Communcation Accuracy: 78.998 Method: fpl
[98.12, 89.59, 82.06, 46.22]
Partition 0: 2 clusters
Partition 0: 5 clusters
Partition 0: 3 clusters
Partition 0: 2 clusters
Partition 0: 4 clusters
Partition 0: 4 clusters
Partition 0: 2 clusters
Partition 0: 4 clusters
Partition 1: 2 clusters
Partition 0: 3 clusters
Partition 0: 5 clusters
The 35 Communcation Accuracy: 79.268 Method: fpl
[97.89, 89.64, 81.18, 48.36]
Partition 0: 2 clusters
Partition 0: 3 clusters
Partition 0: 2 clusters
Partition 0: 4 clusters
Partition 0: 3 clusters
Partition 0: 2 clusters
Partition 0: 4 clusters
Partition 1: 2 clusters
Partition 0: 3 clusters
Partition 0: 5 clusters
Partition 1: 2 clusters
Partition 0: 3 clusters
The 36 Communcation Accuracy: 78.94 Method: fpl
[98.11, 89.94, 80.99, 46.72]
Partition 0: 2 clusters
Partition 0: 3 clusters
Partition 0: 2 clusters
Partition 0: 3 clusters
Partition 0: 3 clusters
Partition 0: 3 clusters
Partition 0: 5 clusters
Partition 0: 2 clusters
Partition 0: 2 clusters
Partition 0: 2 clusters
The 37 Communcation Accuracy: 79.34 Method: fpl
[98.09, 90.63, 81.63, 47.01]
Partition 0: 3 clusters
Partition 0: 2 clusters
Partition 0: 2 clusters
Partition 0: 3 clusters
Partition 0: 4 clusters
Partition 1: 2 clusters
Partition 0: 2 clusters
Partition 0: 2 clusters
Partition 0: 3 clusters
Partition 0: 3 clusters
Partition 0: 6 clusters
Partition 1: 2 clusters
The 38 Communcation Accuracy: 79.32 Method: fpl
[98.09, 90.93, 81.49, 46.77]
Partition 0: 3 clusters
Partition 0: 2 clusters
Partition 0: 5 clusters
Partition 0: 3 clusters
Partition 0: 3 clusters
Partition 0: 1 clusters
Partition 0: 2 clusters
Partition 0: 4 clusters
Partition 0: 2 clusters
Partition 0: 4 clusters
The 39 Communcation Accuracy: 79.238 Method: fpl
[98.14, 90.28, 80.92, 47.61]
Partition 0: 5 clusters
Partition 0: 2 clusters
Partition 0: 3 clusters
Partition 0: 4 clusters
Partition 0: 3 clusters
Partition 0: 3 clusters
Partition 0: 3 clusters
Partition 0: 3 clusters
Partition 0: 3 clusters
Partition 0: 4 clusters
Partition 1: 2 clusters
The 40 Communcation Accuracy: 79.85 Method: fpl
[97.92, 88.49, 81.8, 51.19]
Partition 0: 4 clusters
Partition 0: 5 clusters
Partition 1: 2 clusters
Partition 0: 3 clusters
Partition 0: 3 clusters
Partition 0: 3 clusters
Partition 0: 2 clusters
Partition 0: 5 clusters
Partition 0: 4 clusters
Partition 0: 2 clusters
Partition 0: 4 clusters
The 41 Communcation Accuracy: 80.057 Method: fpl
[98.0, 90.38, 81.45, 50.4]
Partition 0: 2 clusters
Partition 0: 3 clusters
Partition 0: 4 clusters
Partition 0: 3 clusters
Partition 0: 3 clusters
Partition 0: 3 clusters
Partition 0: 2 clusters
Partition 0: 3 clusters
Partition 0: 3 clusters
Partition 0: 3 clusters
The 42 Communcation Accuracy: 80.14 Method: fpl
[97.99, 89.99, 81.44, 51.14]
Partition 0: 4 clusters
Partition 0: 2 clusters
Partition 0: 2 clusters
Partition 0: 2 clusters
Partition 0: 2 clusters
Partition 0: 2 clusters
Partition 0: 2 clusters
Partition 0: 2 clusters
Partition 0: 4 clusters
Partition 0: 6 clusters
The 43 Communcation Accuracy: 79.8 Method: fpl
[97.98, 90.68, 80.79, 49.75]
Partition 0: 2 clusters
Partition 0: 5 clusters
Partition 1: 2 clusters
Partition 0: 2 clusters
Partition 0: 3 clusters
Partition 0: 3 clusters
Partition 0: 3 clusters
Partition 0: 4 clusters
Partition 0: 3 clusters
Partition 0: 2 clusters
Partition 0: 4 clusters
The 44 Communcation Accuracy: 80.09 Method: fpl
[98.11, 90.78, 80.87, 50.6]
Partition 0: 1 clusters
Partition 0: 3 clusters
Partition 0: 2 clusters
Partition 0: 4 clusters
Partition 1: 2 clusters
Partition 0: 4 clusters
Partition 0: 2 clusters
Partition 0: 3 clusters
Partition 0: 3 clusters
Partition 0: 2 clusters
Partition 0: 2 clusters
The 45 Communcation Accuracy: 80.35 Method: fpl
[97.91, 89.79, 81.61, 52.09]
Partition 0: 4 clusters
Partition 0: 2 clusters
Partition 0: 5 clusters
Partition 1: 2 clusters
Partition 0: 3 clusters
Partition 0: 4 clusters
Partition 0: 4 clusters
Partition 1: 2 clusters
Partition 0: 2 clusters
Partition 0: 2 clusters
Partition 0: 3 clusters
Partition 0: 2 clusters
The 46 Communcation Accuracy: 80.31 Method: fpl
[98.12, 91.18, 80.99, 50.95]
Partition 0: 3 clusters
Partition 0: 2 clusters
Partition 0: 2 clusters
Partition 0: 3 clusters
Partition 0: 2 clusters
Partition 0: 2 clusters
Partition 0: 4 clusters
Partition 0: 4 clusters
Partition 1: 2 clusters
Partition 0: 5 clusters
Partition 0: 4 clusters
The 47 Communcation Accuracy: 80.078 Method: fpl
[98.11, 90.68, 81.47, 50.05]
Partition 0: 2 clusters
Partition 0: 4 clusters
Partition 0: 2 clusters
Partition 0: 3 clusters
Partition 0: 2 clusters
Partition 0: 2 clusters
Partition 0: 3 clusters
Partition 0: 3 clusters
Partition 0: 3 clusters
Partition 0: 3 clusters
The 48 Communcation Accuracy: 80.133 Method: fpl
[98.26, 90.38, 80.6, 51.29]
Partition 0: 2 clusters
Partition 0: 2 clusters
Partition 0: 2 clusters
Partition 0: 2 clusters
Partition 0: 2 clusters
Partition 0: 5 clusters
Partition 0: 3 clusters
Partition 0: 3 clusters
Partition 0: 3 clusters
Partition 0: 3 clusters
The 49 Communcation Accuracy: 80.358 Method: fpl
[97.99, 90.63, 81.02, 51.79]
Partition 0: 2 clusters
Partition 0: 3 clusters
Partition 0: 3 clusters
Partition 0: 4 clusters
Partition 0: 4 clusters
Partition 0: 2 clusters
Partition 0: 2 clusters
Partition 0: 2 clusters
Partition 0: 2 clusters
Partition 0: 2 clusters
The 50 Communcation Accuracy: 80.282 Method: fpl
[98.16, 90.98, 80.9, 51.09]
Partition 0: 3 clusters
Partition 0: 2 clusters
Partition 0: 3 clusters
Partition 0: 3 clusters
Partition 0: 2 clusters
Partition 0: 3 clusters
Partition 0: 2 clusters
Partition 0: 3 clusters
Partition 0: 3 clusters
Partition 0: 2 clusters
The 51 Communcation Accuracy: 80.833 Method: fpl
[98.12, 91.13, 80.85, 53.23]
Partition 0: 3 clusters
Partition 0: 3 clusters
Partition 0: 3 clusters
Partition 0: 2 clusters
Partition 0: 2 clusters
Partition 0: 2 clusters
Partition 0: 3 clusters
Partition 0: 2 clusters
Partition 0: 2 clusters
Partition 0: 3 clusters
The 52 Communcation Accuracy: 80.458 Method: fpl
[98.25, 91.48, 80.26, 51.84]
Partition 0: 3 clusters
Partition 0: 3 clusters
Partition 0: 2 clusters
Partition 0: 2 clusters
Partition 0: 4 clusters
Partition 0: 3 clusters
Partition 0: 2 clusters
Partition 0: 2 clusters
Partition 0: 3 clusters
Partition 0: 2 clusters
The 53 Communcation Accuracy: 80.375 Method: fpl
[98.18, 91.18, 80.4, 51.74]
Partition 0: 3 clusters
Partition 0: 3 clusters
Partition 0: 3 clusters
Partition 0: 3 clusters
Partition 0: 3 clusters
Partition 0: 3 clusters
Partition 0: 2 clusters
Partition 0: 3 clusters
Partition 0: 5 clusters
Partition 1: 2 clusters
Partition 0: 2 clusters
The 54 Communcation Accuracy: 80.568 Method: fpl
[98.3, 91.43, 80.4, 52.14]
Partition 0: 2 clusters
Partition 0: 2 clusters
Partition 0: 2 clusters
Partition 0: 2 clusters
Partition 0: 2 clusters
Partition 0: 4 clusters
Partition 0: 6 clusters
Partition 0: 2 clusters
Partition 0: 2 clusters
Partition 0: 3 clusters
The 55 Communcation Accuracy: 80.935 Method: fpl
[98.26, 90.58, 80.82, 54.08]
Partition 0: 3 clusters
Partition 0: 3 clusters
Partition 0: 2 clusters
Partition 0: 2 clusters
Partition 0: 3 clusters
Partition 0: 2 clusters
Partition 0: 1 clusters
Partition 0: 2 clusters
Partition 0: 2 clusters
Partition 0: 1 clusters
The 56 Communcation Accuracy: 81.26 Method: fpl
[98.24, 90.43, 81.59, 54.78]
Partition 0: 4 clusters
Partition 0: 2 clusters
Partition 0: 2 clusters
Partition 0: 3 clusters
Partition 0: 2 clusters
Partition 0: 3 clusters
Partition 0: 2 clusters
Partition 0: 5 clusters
Partition 1: 2 clusters
Partition 0: 2 clusters
Partition 0: 3 clusters
The 57 Communcation Accuracy: 81.095 Method: fpl
[98.22, 90.98, 82.0, 53.18]
Partition 0: 4 clusters
Partition 0: 2 clusters
Partition 0: 5 clusters
Partition 0: 3 clusters
Partition 0: 4 clusters
Partition 0: 4 clusters
Partition 0: 5 clusters
Partition 0: 3 clusters
Partition 0: 2 clusters
Partition 0: 3 clusters
The 58 Communcation Accuracy: 81.168 Method: fpl
[98.24, 91.53, 81.42, 53.48]
Partition 0: 3 clusters
Partition 0: 2 clusters
Partition 0: 3 clusters
Partition 0: 2 clusters
Partition 0: 2 clusters
Partition 0: 2 clusters
Partition 0: 3 clusters
Partition 0: 3 clusters
Partition 0: 3 clusters
Partition 0: 2 clusters
The 59 Communcation Accuracy: 80.968 Method: fpl
[98.18, 92.18, 81.27, 52.24]
Partition 0: 2 clusters
Partition 0: 3 clusters
Partition 0: 2 clusters
Partition 0: 3 clusters
Partition 0: 3 clusters
Partition 0: 3 clusters
Partition 0: 2 clusters
Partition 0: 2 clusters
Partition 0: 2 clusters
Partition 0: 2 clusters
The 60 Communcation Accuracy: 81.085 Method: fpl
[98.27, 92.08, 81.1, 52.89]
Partition 0: 2 clusters
Partition 0: 2 clusters
Partition 0: 4 clusters
Partition 0: 2 clusters
Partition 0: 2 clusters
Partition 0: 3 clusters
Partition 0: 3 clusters
Partition 0: 3 clusters
Partition 0: 3 clusters
Partition 0: 2 clusters
The 61 Communcation Accuracy: 81.43 Method: fpl
[98.29, 91.53, 80.97, 54.93]
Partition 0: 2 clusters
Partition 0: 2 clusters
Partition 0: 3 clusters
Partition 0: 2 clusters
Partition 0: 2 clusters
Partition 0: 2 clusters
Partition 0: 3 clusters
Partition 0: 3 clusters
Partition 0: 2 clusters
Partition 0: 2 clusters
The 62 Communcation Accuracy: 81.422 Method: fpl
[98.34, 91.68, 80.65, 55.02]
Partition 0: 2 clusters
Partition 0: 4 clusters
Partition 0: 3 clusters
Partition 0: 3 clusters
Partition 0: 3 clusters
Partition 0: 2 clusters
Partition 0: 2 clusters
Partition 0: 3 clusters
Partition 0: 2 clusters
Partition 0: 3 clusters
The 63 Communcation Accuracy: 81.685 Method: fpl
[98.37, 91.68, 81.02, 55.67]
Partition 0: 3 clusters
Partition 0: 3 clusters
Partition 0: 2 clusters
Partition 0: 3 clusters
Partition 0: 5 clusters
Partition 0: 3 clusters
Partition 0: 2 clusters
Partition 0: 3 clusters
Partition 0: 3 clusters
Partition 0: 2 clusters
The 64 Communcation Accuracy: 81.208 Method: fpl
[98.33, 91.33, 80.24, 54.93]
Partition 0: 3 clusters
Partition 0: 4 clusters
Partition 0: 2 clusters
Partition 0: 2 clusters
Partition 0: 2 clusters
Partition 0: 2 clusters
Partition 0: 3 clusters
Partition 0: 3 clusters
Partition 0: 2 clusters
Partition 0: 3 clusters
The 65 Communcation Accuracy: 81.26 Method: fpl
[98.15, 92.18, 80.68, 54.03]
Partition 0: 2 clusters
Partition 0: 3 clusters
Partition 0: 3 clusters
Partition 0: 4 clusters
Partition 0: 2 clusters
Partition 0: 3 clusters
Partition 0: 2 clusters
Partition 0: 3 clusters
Partition 0: 3 clusters
Partition 0: 2 clusters
The 66 Communcation Accuracy: 81.358 Method: fpl
[98.26, 91.68, 80.37, 55.12]
Partition 0: 2 clusters
Partition 0: 2 clusters
Partition 0: 2 clusters
Partition 0: 2 clusters
Partition 0: 3 clusters
Partition 0: 4 clusters
Partition 0: 3 clusters
Partition 0: 2 clusters
Partition 0: 3 clusters
Partition 0: 3 clusters
The 67 Communcation Accuracy: 80.818 Method: fpl
[98.23, 91.68, 79.38, 53.98]
Partition 0: 3 clusters
Partition 0: 3 clusters
Partition 0: 2 clusters
Partition 0: 2 clusters
Partition 0: 4 clusters
Partition 0: 3 clusters
Partition 0: 4 clusters
Partition 0: 2 clusters
Partition 0: 2 clusters
Partition 0: 3 clusters
The 68 Communcation Accuracy: 81.008 Method: fpl
[98.23, 91.38, 80.94, 53.48]
Partition 0: 3 clusters
Partition 0: 2 clusters
Partition 0: 4 clusters
Partition 0: 2 clusters
Partition 0: 3 clusters
Partition 0: 3 clusters
Partition 0: 4 clusters
Partition 0: 4 clusters
Partition 1: 2 clusters
Partition 0: 3 clusters
Partition 0: 2 clusters
The 69 Communcation Accuracy: 81.363 Method: fpl
[98.21, 91.33, 81.18, 54.73]
Partition 0: 2 clusters
Partition 0: 3 clusters
Partition 0: 3 clusters
Partition 0: 2 clusters
Partition 0: 3 clusters
Partition 0: 3 clusters
Partition 0: 4 clusters
Partition 0: 3 clusters
Partition 0: 3 clusters
Partition 0: 3 clusters
The 70 Communcation Accuracy: 81.36 Method: fpl
[98.14, 91.78, 80.94, 54.58]
Partition 0: 4 clusters
Partition 0: 4 clusters
Partition 0: 2 clusters
Partition 0: 4 clusters
Partition 0: 3 clusters
Partition 0: 2 clusters
Partition 0: 2 clusters
Partition 0: 2 clusters
Partition 0: 2 clusters
Partition 0: 3 clusters
The 71 Communcation Accuracy: 81.685 Method: fpl
[98.27, 91.58, 80.52, 56.37]
Partition 0: 2 clusters
Partition 0: 2 clusters
Partition 0: 3 clusters
Partition 0: 3 clusters
Partition 0: 2 clusters
Partition 0: 3 clusters
Partition 0: 2 clusters
Partition 0: 3 clusters
Partition 0: 3 clusters
Partition 0: 2 clusters
The 72 Communcation Accuracy: 81.622 Method: fpl
[98.23, 92.03, 81.01, 55.22]
Partition 0: 3 clusters
Partition 0: 2 clusters
Partition 0: 3 clusters
Partition 0: 3 clusters
Partition 0: 3 clusters
Partition 0: 3 clusters
Partition 0: 3 clusters
Partition 0: 2 clusters
Partition 0: 4 clusters
Partition 0: 2 clusters
The 73 Communcation Accuracy: 81.81 Method: fpl
[98.3, 91.98, 80.69, 56.27]
Partition 0: 2 clusters
Partition 0: 4 clusters
Partition 0: 2 clusters
Partition 0: 2 clusters
Partition 0: 2 clusters
Partition 0: 5 clusters
Partition 1: 2 clusters
Partition 0: 3 clusters
Partition 0: 3 clusters
Partition 0: 2 clusters
Partition 0: 2 clusters
The 74 Communcation Accuracy: 81.985 Method: fpl
[98.3, 92.03, 81.34, 56.27]
Partition 0: 2 clusters
Partition 0: 2 clusters
Partition 0: 3 clusters
Partition 0: 3 clusters
Partition 0: 4 clusters
Partition 0: 3 clusters
Partition 0: 2 clusters
Partition 0: 3 clusters
Partition 0: 4 clusters
Partition 0: 2 clusters
The 75 Communcation Accuracy: 82.19 Method: fpl
[98.12, 90.93, 82.2, 57.51]
Partition 0: 3 clusters
Partition 0: 3 clusters
Partition 0: 2 clusters
Partition 0: 2 clusters
Partition 0: 2 clusters
Partition 0: 4 clusters
Partition 0: 3 clusters
Partition 0: 3 clusters
Partition 0: 2 clusters
Partition 0: 2 clusters
The 76 Communcation Accuracy: 82.005 Method: fpl
[98.33, 91.48, 81.59, 56.62]
Partition 0: 4 clusters
Partition 0: 2 clusters
Partition 0: 3 clusters
Partition 0: 2 clusters
Partition 0: 2 clusters
Partition 0: 2 clusters
Partition 0: 3 clusters
Partition 0: 2 clusters
Partition 0: 2 clusters
Partition 0: 2 clusters
The 77 Communcation Accuracy: 82.202 Method: fpl
[98.16, 91.63, 81.36, 57.66]
Partition 0: 2 clusters
Partition 0: 2 clusters
Partition 0: 2 clusters
Partition 0: 2 clusters
Partition 0: 2 clusters
Partition 0: 2 clusters
Partition 0: 2 clusters
Partition 0: 2 clusters
Partition 0: 2 clusters
Partition 0: 3 clusters
The 78 Communcation Accuracy: 81.752 Method: fpl
[98.3, 91.13, 80.71, 56.87]
Partition 0: 2 clusters
Partition 0: 3 clusters
Partition 0: 4 clusters
Partition 0: 2 clusters
Partition 0: 2 clusters
Partition 0: 4 clusters
Partition 0: 3 clusters
Partition 0: 4 clusters
Partition 1: 2 clusters
Partition 0: 3 clusters
Partition 0: 3 clusters
The 79 Communcation Accuracy: 81.547 Method: fpl
[98.27, 92.13, 80.52, 55.27]
Partition 0: 2 clusters
Partition 0: 3 clusters
Partition 0: 3 clusters
Partition 0: 2 clusters
Partition 0: 2 clusters
Partition 0: 4 clusters
Partition 0: 3 clusters
Partition 0: 3 clusters
Partition 0: 3 clusters
Partition 0: 3 clusters
The 80 Communcation Accuracy: 82.167 Method: fpl
[98.13, 91.58, 81.5, 57.46]
Partition 0: 3 clusters
Partition 0: 3 clusters
Partition 0: 2 clusters
Partition 0: 4 clusters
Partition 0: 3 clusters
Partition 0: 3 clusters
Partition 0: 3 clusters
Partition 0: 2 clusters
Partition 0: 2 clusters
Partition 0: 3 clusters
The 81 Communcation Accuracy: 81.84 Method: fpl
[98.33, 91.88, 80.58, 56.57]
Partition 0: 2 clusters
Partition 0: 2 clusters
Partition 0: 2 clusters
Partition 0: 2 clusters
Partition 0: 2 clusters
Partition 0: 3 clusters
Partition 0: 3 clusters
Partition 0: 2 clusters
Partition 0: 2 clusters
Partition 0: 2 clusters
The 82 Communcation Accuracy: 81.878 Method: fpl
[98.24, 92.43, 80.17, 56.67]
Partition 0: 3 clusters
Partition 0: 2 clusters
Partition 0: 3 clusters
Partition 0: 2 clusters
Partition 0: 2 clusters
Partition 0: 3 clusters
Partition 0: 2 clusters
Partition 0: 3 clusters
Partition 0: 4 clusters
Partition 0: 2 clusters
The 83 Communcation Accuracy: 81.862 Method: fpl
[98.28, 92.53, 80.02, 56.62]
Partition 0: 3 clusters
Partition 0: 2 clusters
Partition 0: 3 clusters
Partition 0: 2 clusters
Partition 0: 3 clusters
Partition 0: 2 clusters
Partition 0: 3 clusters
Partition 0: 2 clusters
Partition 0: 3 clusters
Partition 0: 3 clusters
The 84 Communcation Accuracy: 81.738 Method: fpl
[98.28, 91.98, 80.07, 56.62]
Partition 0: 2 clusters
Partition 0: 3 clusters
Partition 0: 2 clusters
Partition 0: 2 clusters
Partition 0: 2 clusters
Partition 0: 3 clusters
Partition 0: 4 clusters
Partition 0: 2 clusters
Partition 0: 3 clusters
Partition 0: 2 clusters
The 85 Communcation Accuracy: 81.725 Method: fpl
[98.25, 91.88, 80.3, 56.47]
Partition 0: 2 clusters
Partition 0: 3 clusters
Partition 0: 2 clusters
Partition 0: 2 clusters
Partition 0: 2 clusters
Partition 0: 3 clusters
Partition 0: 2 clusters
Partition 0: 3 clusters
Partition 0: 3 clusters
Partition 0: 4 clusters
The 86 Communcation Accuracy: 82.185 Method: fpl
[98.22, 91.83, 81.03, 57.66]
Partition 0: 4 clusters
Partition 1: 2 clusters
Partition 0: 3 clusters
Partition 0: 2 clusters
Partition 0: 3 clusters
Partition 0: 2 clusters
Partition 0: 4 clusters
Partition 0: 3 clusters
Partition 0: 4 clusters
Partition 0: 2 clusters
Partition 0: 3 clusters
The 87 Communcation Accuracy: 81.748 Method: fpl
[98.35, 92.03, 80.39, 56.22]
Partition 0: 2 clusters
Partition 0: 2 clusters
Partition 0: 2 clusters
Partition 0: 3 clusters
Partition 0: 2 clusters
Partition 0: 3 clusters
Partition 0: 2 clusters
Partition 0: 4 clusters
Partition 0: 4 clusters
Partition 0: 1 clusters
The 88 Communcation Accuracy: 82.062 Method: fpl
[98.32, 92.08, 80.84, 57.01]
Partition 0: 3 clusters
Partition 0: 3 clusters
Partition 0: 3 clusters
Partition 0: 3 clusters
Partition 0: 3 clusters
Partition 0: 4 clusters
Partition 0: 4 clusters
Partition 0: 4 clusters
Partition 0: 5 clusters
Partition 0: 3 clusters
The 89 Communcation Accuracy: 82.032 Method: fpl
[98.29, 91.63, 80.75, 57.46]
Partition 0: 3 clusters
Partition 0: 3 clusters
Partition 0: 2 clusters
Partition 0: 2 clusters
Partition 0: 3 clusters
Partition 0: 3 clusters
Partition 0: 3 clusters
Partition 0: 2 clusters
Partition 0: 2 clusters
Partition 0: 4 clusters
The 90 Communcation Accuracy: 82.145 Method: fpl
[98.24, 91.53, 80.9, 57.91]
Partition 0: 4 clusters
Partition 0: 2 clusters
Partition 0: 2 clusters
Partition 0: 2 clusters
Partition 0: 2 clusters
Partition 0: 2 clusters
Partition 0: 3 clusters
Partition 0: 3 clusters
Partition 0: 2 clusters
Partition 0: 3 clusters
The 91 Communcation Accuracy: 81.888 Method: fpl
[98.33, 91.73, 80.38, 57.11]
Partition 0: 2 clusters
Partition 0: 3 clusters
Partition 0: 4 clusters
Partition 0: 3 clusters
Partition 0: 2 clusters
Partition 0: 2 clusters
Partition 0: 3 clusters
Partition 0: 2 clusters
Partition 0: 2 clusters
Partition 0: 4 clusters
The 92 Communcation Accuracy: 81.842 Method: fpl
[98.38, 92.03, 80.64, 56.32]
Partition 0: 2 clusters
Partition 0: 2 clusters
Partition 0: 3 clusters
Partition 0: 2 clusters
Partition 0: 3 clusters
Partition 0: 3 clusters
Partition 0: 2 clusters
Partition 0: 3 clusters
Partition 0: 3 clusters
Partition 0: 2 clusters
The 93 Communcation Accuracy: 81.97 Method: fpl
[98.33, 92.03, 80.8, 56.72]
Partition 0: 2 clusters
Partition 0: 2 clusters
Partition 0: 2 clusters
Partition 0: 2 clusters
Partition 0: 4 clusters
Partition 0: 2 clusters
Partition 0: 2 clusters
Partition 0: 2 clusters
Partition 0: 3 clusters
Partition 0: 3 clusters
The 94 Communcation Accuracy: 82.392 Method: fpl
[98.35, 92.18, 80.98, 58.06]
Partition 0: 2 clusters
Partition 0: 3 clusters
Partition 0: 2 clusters
Partition 0: 2 clusters
Partition 0: 3 clusters
Partition 0: 2 clusters
Partition 0: 3 clusters
Partition 0: 2 clusters
Partition 0: 2 clusters
Partition 0: 2 clusters
The 95 Communcation Accuracy: 82.03 Method: fpl
[98.35, 92.08, 80.23, 57.46]
Partition 0: 2 clusters
Partition 0: 3 clusters
Partition 0: 3 clusters
Partition 0: 2 clusters
Partition 0: 3 clusters
Partition 0: 2 clusters
Partition 0: 3 clusters
Partition 0: 2 clusters
Partition 0: 2 clusters
Partition 0: 2 clusters
The 96 Communcation Accuracy: 81.8 Method: fpl
[98.37, 92.53, 79.88, 56.42]
Partition 0: 2 clusters
Partition 0: 2 clusters
Partition 0: 2 clusters
Partition 0: 2 clusters
Partition 0: 2 clusters
Partition 0: 2 clusters
Partition 0: 2 clusters
Partition 0: 2 clusters
Partition 0: 2 clusters
Partition 0: 2 clusters
The 97 Communcation Accuracy: 81.6 Method: fpl
[98.32, 92.78, 79.73, 55.57]
Partition 0: 3 clusters
Partition 0: 3 clusters
Partition 0: 2 clusters
Partition 0: 2 clusters
Partition 0: 4 clusters
Partition 0: 3 clusters
Partition 0: 2 clusters
Partition 0: 3 clusters
Partition 0: 4 clusters
Partition 0: 2 clusters
The 98 Communcation Accuracy: 81.645 Method: fpl
[98.25, 91.28, 81.43, 55.62]
Partition 0: 2 clusters
Partition 0: 5 clusters
Partition 0: 3 clusters
Partition 0: 2 clusters
Partition 0: 3 clusters
Partition 0: 3 clusters
Partition 0: 3 clusters
Partition 0: 3 clusters
Partition 0: 4 clusters
Partition 0: 4 clusters
The 99 Communcation Accuracy: 82.1 Method: fpl
[98.31, 92.53, 81.59, 55.97]
