fedavg_10_fl_officecaltech_100_10
{'caltech10': 3, 'dslr': 4, 'amazon': 2, 'webcam': 1}
['caltech10', 'dslr', 'amazon', 'caltech10', 'dslr', 'dslr', 'caltech10', 'amazon', 'webcam', 'dslr']
The 0 Communcation Accuracy: 15.41 Method: fedavg
[14.29, 13.68, 10.34, 23.33]
The 1 Communcation Accuracy: 33.035 Method: fedavg
[37.5, 45.79, 15.52, 33.33]
The 2 Communcation Accuracy: 36.428 Method: fedavg
[41.07, 52.11, 25.86, 26.67]
The 3 Communcation Accuracy: 36.9 Method: fedavg
[44.2, 54.21, 25.86, 23.33]
The 4 Communcation Accuracy: 41.835 Method: fedavg
[41.07, 56.84, 32.76, 36.67]
The 5 Communcation Accuracy: 44.022 Method: fedavg
[47.77, 62.11, 36.21, 30.0]
The 6 Communcation Accuracy: 48.175 Method: fedavg
[50.0, 63.16, 36.21, 43.33]
The 7 Communcation Accuracy: 43.185 Method: fedavg
[51.79, 64.74, 36.21, 20.0]
The 8 Communcation Accuracy: 44.355 Method: fedavg
[51.79, 66.32, 29.31, 30.0]
The 9 Communcation Accuracy: 46.785 Method: fedavg
[53.12, 66.32, 31.03, 36.67]
The 10 Communcation Accuracy: 45.647 Method: fedavg
[56.7, 64.74, 34.48, 26.67]
The 11 Communcation Accuracy: 46.067 Method: fedavg
[52.68, 65.26, 39.66, 26.67]
The 12 Communcation Accuracy: 45.765 Method: fedavg
[55.36, 66.32, 41.38, 20.0]
The 13 Communcation Accuracy: 45.452 Method: fedavg
[53.12, 64.21, 34.48, 30.0]
The 14 Communcation Accuracy: 48.915 Method: fedavg
[55.36, 70.53, 43.1, 26.67]
The 15 Communcation Accuracy: 47.328 Method: fedavg
[50.45, 71.05, 34.48, 33.33]
The 16 Communcation Accuracy: 47.007 Method: fedavg
[52.23, 69.47, 39.66, 26.67]
The 17 Communcation Accuracy: 51.225 Method: fedavg
[55.36, 66.32, 46.55, 36.67]
The 18 Communcation Accuracy: 44.268 Method: fedavg
[54.46, 71.58, 31.03, 20.0]
The 19 Communcation Accuracy: 48.537 Method: fedavg
[54.91, 69.47, 43.1, 26.67]
The 20 Communcation Accuracy: 47.562 Method: fedavg
[56.7, 68.95, 37.93, 26.67]
The 21 Communcation Accuracy: 46.83 Method: fedavg
[55.8, 68.42, 43.1, 20.0]
The 22 Communcation Accuracy: 45.998 Method: fedavg
[55.8, 68.42, 43.1, 16.67]
The 23 Communcation Accuracy: 47.942 Method: fedavg
[55.36, 75.26, 34.48, 26.67]
The 24 Communcation Accuracy: 44.768 Method: fedavg
[56.7, 67.89, 34.48, 20.0]
The 25 Communcation Accuracy: 47.275 Method: fedavg
[54.91, 73.16, 31.03, 30.0]
The 26 Communcation Accuracy: 47.7 Method: fedavg
[57.14, 72.63, 31.03, 30.0]
The 27 Communcation Accuracy: 48.145 Method: fedavg
[56.25, 70.0, 39.66, 26.67]
The 28 Communcation Accuracy: 46.848 Method: fedavg
[52.68, 73.68, 31.03, 30.0]
The 29 Communcation Accuracy: 49.2 Method: fedavg
[58.93, 73.16, 41.38, 23.33]
The 30 Communcation Accuracy: 50.575 Method: fedavg
[55.8, 76.84, 39.66, 30.0]
The 31 Communcation Accuracy: 50.823 Method: fedavg
[57.14, 73.16, 39.66, 33.33]
The 32 Communcation Accuracy: 49.503 Method: fedavg
[57.59, 74.21, 36.21, 30.0]
The 33 Communcation Accuracy: 51.102 Method: fedavg
[57.59, 72.11, 41.38, 33.33]
The 34 Communcation Accuracy: 49.885 Method: fedavg
[55.36, 69.47, 41.38, 33.33]
The 35 Communcation Accuracy: 49.078 Method: fedavg
[55.36, 74.74, 36.21, 30.0]
The 36 Communcation Accuracy: 46.515 Method: fedavg
[56.25, 72.11, 31.03, 26.67]
The 37 Communcation Accuracy: 48.83 Method: fedavg
[57.59, 74.74, 39.66, 23.33]
The 38 Communcation Accuracy: 48.447 Method: fedavg
[55.8, 76.84, 34.48, 26.67]
The 39 Communcation Accuracy: 53.552 Method: fedavg
[54.91, 72.63, 50.0, 36.67]
The 40 Communcation Accuracy: 48.088 Method: fedavg
[57.14, 72.11, 43.1, 20.0]
The 41 Communcation Accuracy: 51.368 Method: fedavg
[58.04, 74.21, 46.55, 26.67]
The 42 Communcation Accuracy: 51.412 Method: fedavg
[58.48, 75.79, 41.38, 30.0]
The 43 Communcation Accuracy: 49.207 Method: fedavg
[57.59, 69.47, 43.1, 26.67]
The 44 Communcation Accuracy: 53.427 Method: fedavg
[56.7, 73.68, 50.0, 33.33]
The 45 Communcation Accuracy: 48.408 Method: fedavg
[58.04, 77.89, 31.03, 26.67]
The 46 Communcation Accuracy: 53.328 Method: fedavg
[60.27, 73.16, 46.55, 33.33]
The 47 Communcation Accuracy: 51.46 Method: fedavg
[57.59, 71.58, 50.0, 26.67]
The 48 Communcation Accuracy: 52.805 Method: fedavg
[59.38, 73.68, 44.83, 33.33]
The 49 Communcation Accuracy: 51.535 Method: fedavg
[58.48, 77.89, 43.1, 26.67]
The 50 Communcation Accuracy: 50.865 Method: fedavg
[58.04, 77.37, 41.38, 26.67]
The 51 Communcation Accuracy: 51.658 Method: fedavg
[55.36, 76.32, 48.28, 26.67]
The 52 Communcation Accuracy: 49.778 Method: fedavg
[58.04, 74.74, 39.66, 26.67]
The 53 Communcation Accuracy: 52.248 Method: fedavg
[58.93, 76.84, 46.55, 26.67]
The 54 Communcation Accuracy: 50.402 Method: fedavg
[59.82, 80.53, 37.93, 23.33]
The 55 Communcation Accuracy: 51.765 Method: fedavg
[58.93, 71.58, 46.55, 30.0]
The 56 Communcation Accuracy: 51.125 Method: fedavg
[61.16, 73.68, 39.66, 30.0]
The 57 Communcation Accuracy: 53.765 Method: fedavg
[61.16, 78.95, 48.28, 26.67]
The 58 Communcation Accuracy: 52.945 Method: fedavg
[61.16, 75.79, 44.83, 30.0]
The 59 Communcation Accuracy: 54.688 Method: fedavg
[60.27, 75.26, 46.55, 36.67]
The 60 Communcation Accuracy: 52.585 Method: fedavg
[61.16, 72.63, 46.55, 30.0]
The 61 Communcation Accuracy: 52.32 Method: fedavg
[57.59, 75.26, 43.1, 33.33]
The 62 Communcation Accuracy: 49.192 Method: fedavg
[55.36, 78.42, 39.66, 23.33]
The 63 Communcation Accuracy: 51.202 Method: fedavg
[56.7, 73.16, 48.28, 26.67]
The 64 Communcation Accuracy: 50.908 Method: fedavg
[54.91, 78.95, 43.1, 26.67]
The 65 Communcation Accuracy: 52.93 Method: fedavg
[59.38, 75.79, 46.55, 30.0]
The 66 Communcation Accuracy: 52.502 Method: fedavg
[57.14, 76.32, 46.55, 30.0]
The 67 Communcation Accuracy: 53.325 Method: fedavg
[58.04, 75.26, 50.0, 30.0]
The 68 Communcation Accuracy: 51.555 Method: fedavg
[58.93, 75.79, 44.83, 26.67]
The 69 Communcation Accuracy: 52.268 Method: fedavg
[59.38, 74.74, 48.28, 26.67]
The 70 Communcation Accuracy: 54.25 Method: fedavg
[58.93, 74.74, 50.0, 33.33]
The 71 Communcation Accuracy: 52.152 Method: fedavg
[60.27, 76.84, 44.83, 26.67]
The 72 Communcation Accuracy: 52.858 Method: fedavg
[58.04, 76.84, 46.55, 30.0]
The 73 Communcation Accuracy: 53.912 Method: fedavg
[58.93, 76.84, 46.55, 33.33]
The 74 Communcation Accuracy: 54.055 Method: fedavg
[59.38, 76.84, 50.0, 30.0]
The 75 Communcation Accuracy: 51.24 Method: fedavg
[59.82, 75.26, 46.55, 23.33]
The 76 Communcation Accuracy: 53.602 Method: fedavg
[61.16, 78.42, 44.83, 30.0]
The 77 Communcation Accuracy: 55.555 Method: fedavg
[62.05, 76.84, 50.0, 33.33]
The 78 Communcation Accuracy: 54.135 Method: fedavg
[59.82, 76.84, 46.55, 33.33]
The 79 Communcation Accuracy: 53.562 Method: fedavg
[60.27, 74.21, 43.1, 36.67]
The 80 Communcation Accuracy: 55.408 Method: fedavg
[59.82, 75.26, 46.55, 40.0]
The 81 Communcation Accuracy: 52.112 Method: fedavg
[58.48, 75.26, 41.38, 33.33]
The 82 Communcation Accuracy: 53.933 Method: fedavg
[62.05, 73.68, 50.0, 30.0]
The 83 Communcation Accuracy: 52.622 Method: fedavg
[59.38, 77.89, 46.55, 26.67]
The 84 Communcation Accuracy: 54.95 Method: fedavg
[61.61, 74.74, 53.45, 30.0]
The 85 Communcation Accuracy: 53.802 Method: fedavg
[62.05, 73.16, 50.0, 30.0]
The 86 Communcation Accuracy: 53.363 Method: fedavg
[59.38, 75.79, 48.28, 30.0]
The 87 Communcation Accuracy: 53.38 Method: fedavg
[60.27, 78.42, 44.83, 30.0]
The 88 Communcation Accuracy: 53.808 Method: fedavg
[61.16, 75.79, 48.28, 30.0]
The 89 Communcation Accuracy: 55.338 Method: fedavg
[58.93, 77.37, 51.72, 33.33]
The 90 Communcation Accuracy: 55.56 Method: fedavg
[59.82, 77.37, 51.72, 33.33]
The 91 Communcation Accuracy: 53.2 Method: fedavg
[59.38, 75.26, 44.83, 33.33]
The 92 Communcation Accuracy: 52.628 Method: fedavg
[60.71, 78.42, 41.38, 30.0]
The 93 Communcation Accuracy: 53.688 Method: fedavg
[60.27, 76.32, 44.83, 33.33]
The 94 Communcation Accuracy: 52.735 Method: fedavg
[62.05, 75.79, 43.1, 30.0]
The 95 Communcation Accuracy: 53.245 Method: fedavg
[64.29, 70.53, 44.83, 33.33]
The 96 Communcation Accuracy: 54.388 Method: fedavg
[62.05, 78.95, 46.55, 30.0]
The 97 Communcation Accuracy: 54.323 Method: fedavg
[63.84, 73.68, 43.1, 36.67]
The 98 Communcation Accuracy: 56.648 Method: fedavg
[60.27, 76.32, 50.0, 40.0]
The 99 Communcation Accuracy: 54.13 Method: fedavg
[58.04, 75.26, 46.55, 36.67]
