fpl_10_fl_officecaltech_100_10
{'caltech10': 3, 'dslr': 4, 'amazon': 2, 'webcam': 1}
['caltech10', 'dslr', 'amazon', 'caltech10', 'dslr', 'dslr', 'caltech10', 'amazon', 'webcam', 'dslr']
Partition 0: 2 clusters
Partition 0: 3 clusters
Partition 0: 4 clusters
Partition 0: 3 clusters
Partition 0: 2 clusters
Partition 0: 2 clusters
Partition 0: 3 clusters
Partition 0: 3 clusters
Partition 0: 1 clusters
Partition 0: 2 clusters
The 0 Communcation Accuracy: 16.51 Method: fpl
[14.73, 15.79, 15.52, 20.0]
Partition 0: 2 clusters
Partition 0: 2 clusters
Partition 0: 3 clusters
Partition 0: 3 clusters
Partition 0: 3 clusters
Partition 0: 2 clusters
Partition 0: 2 clusters
Partition 0: 2 clusters
Partition 0: 3 clusters
Partition 0: 2 clusters
The 1 Communcation Accuracy: 25.077 Method: fpl
[34.38, 40.53, 12.07, 13.33]
Partition 0: 3 clusters
Partition 0: 2 clusters
Partition 0: 2 clusters
Partition 0: 2 clusters
Partition 0: 3 clusters
Partition 0: 3 clusters
Partition 0: 3 clusters
Partition 0: 3 clusters
Partition 0: 2 clusters
Partition 0: 3 clusters
The 2 Communcation Accuracy: 30.25 Method: fpl
[36.16, 47.37, 24.14, 13.33]
Partition 0: 3 clusters
Partition 0: 2 clusters
Partition 0: 3 clusters
Partition 0: 2 clusters
Partition 0: 1 clusters
Partition 0: 2 clusters
Partition 0: 3 clusters
Partition 0: 1 clusters
Partition 0: 1 clusters
Partition 0: 3 clusters
The 3 Communcation Accuracy: 38.978 Method: fpl
[44.2, 58.95, 32.76, 20.0]
Partition 0: 3 clusters
Partition 0: 3 clusters
Partition 0: 2 clusters
Partition 0: 3 clusters
Partition 0: 4 clusters
Partition 0: 2 clusters
Partition 0: 3 clusters
Partition 0: 3 clusters
Partition 0: 1 clusters
Partition 0: 2 clusters
The 4 Communcation Accuracy: 37.5 Method: fpl
[44.64, 54.21, 34.48, 16.67]
Partition 0: 2 clusters
Partition 0: 1 clusters
Partition 0: 3 clusters
Partition 0: 2 clusters
Partition 0: 3 clusters
Partition 0: 2 clusters
Partition 0: 2 clusters
Partition 0: 2 clusters
Partition 0: 2 clusters
Partition 0: 3 clusters
The 5 Communcation Accuracy: 41.0 Method: fpl
[47.77, 58.42, 34.48, 23.33]
Partition 0: 2 clusters
Partition 0: 3 clusters
Partition 0: 1 clusters
Partition 0: 2 clusters
Partition 0: 3 clusters
Partition 0: 2 clusters
Partition 0: 2 clusters
Partition 0: 4 clusters
Partition 1: 2 clusters
Partition 0: 1 clusters
Partition 0: 3 clusters
The 6 Communcation Accuracy: 44.062 Method: fpl
[51.79, 61.58, 36.21, 26.67]
Partition 0: 3 clusters
Partition 0: 2 clusters
Partition 0: 3 clusters
Partition 0: 1 clusters
Partition 0: 3 clusters
Partition 0: 3 clusters
Partition 0: 2 clusters
Partition 0: 2 clusters
Partition 0: 3 clusters
Partition 0: 2 clusters
The 7 Communcation Accuracy: 48.055 Method: fpl
[52.68, 70.0, 36.21, 33.33]
Partition 0: 1 clusters
Partition 0: 1 clusters
Partition 0: 1 clusters
Partition 0: 2 clusters
Partition 0: 2 clusters
Partition 0: 3 clusters
Partition 0: 1 clusters
Partition 0: 2 clusters
Partition 0: 1 clusters
Partition 0: 2 clusters
The 8 Communcation Accuracy: 48.93 Method: fpl
[57.14, 60.53, 41.38, 36.67]
Partition 0: 1 clusters
Partition 0: 3 clusters
Partition 0: 2 clusters
Partition 0: 3 clusters
Partition 0: 2 clusters
Partition 0: 1 clusters
Partition 0: 2 clusters
Partition 0: 2 clusters
Partition 0: 1 clusters
Partition 0: 4 clusters
The 9 Communcation Accuracy: 47.337 Method: fpl
[53.12, 68.42, 34.48, 33.33]
Partition 0: 2 clusters
Partition 0: 1 clusters
Partition 0: 2 clusters
Partition 0: 2 clusters
Partition 0: 2 clusters
Partition 0: 2 clusters
Partition 0: 1 clusters
Partition 0: 1 clusters
Partition 0: 2 clusters
Partition 0: 1 clusters
The 10 Communcation Accuracy: 48.38 Method: fpl
[58.48, 68.95, 32.76, 33.33]
Partition 0: 3 clusters
Partition 0: 3 clusters
Partition 0: 1 clusters
Partition 0: 2 clusters
Partition 0: 2 clusters
Partition 0: 3 clusters
Partition 0: 1 clusters
Partition 0: 2 clusters
Partition 0: 4 clusters
Partition 1: 2 clusters
Partition 0: 4 clusters
The 11 Communcation Accuracy: 48.293 Method: fpl
[58.48, 65.26, 32.76, 36.67]
Partition 0: 3 clusters
Partition 0: 1 clusters
Partition 0: 2 clusters
Partition 0: 2 clusters
Partition 0: 2 clusters
Partition 0: 2 clusters
Partition 0: 1 clusters
Partition 0: 2 clusters
Partition 0: 1 clusters
Partition 0: 2 clusters
The 12 Communcation Accuracy: 45.028 Method: fpl
[53.57, 68.95, 27.59, 30.0]
Partition 0: 2 clusters
Partition 0: 2 clusters
Partition 0: 1 clusters
Partition 0: 1 clusters
Partition 0: 1 clusters
Partition 0: 1 clusters
Partition 0: 3 clusters
Partition 0: 2 clusters
Partition 0: 2 clusters
Partition 0: 2 clusters
The 13 Communcation Accuracy: 50.298 Method: fpl
[60.27, 66.32, 37.93, 36.67]
Partition 0: 2 clusters
Partition 0: 1 clusters
Partition 0: 2 clusters
Partition 0: 1 clusters
Partition 0: 1 clusters
Partition 0: 2 clusters
Partition 0: 2 clusters
Partition 0: 2 clusters
Partition 0: 1 clusters
Partition 0: 1 clusters
The 14 Communcation Accuracy: 51.463 Method: fpl
[59.38, 68.42, 41.38, 36.67]
Partition 0: 2 clusters
Partition 0: 2 clusters
Partition 0: 2 clusters
Partition 0: 1 clusters
Partition 0: 2 clusters
Partition 0: 2 clusters
Partition 0: 1 clusters
Partition 0: 2 clusters
Partition 0: 1 clusters
Partition 0: 2 clusters
The 15 Communcation Accuracy: 48.93 Method: fpl
[57.14, 60.53, 41.38, 36.67]
Partition 0: 1 clusters
Partition 0: 2 clusters
Partition 0: 2 clusters
Partition 0: 2 clusters
Partition 0: 2 clusters
Partition 0: 2 clusters
Partition 0: 1 clusters
Partition 0: 1 clusters
Partition 0: 1 clusters
Partition 0: 4 clusters
The 16 Communcation Accuracy: 50.968 Method: fpl
[58.93, 73.68, 37.93, 33.33]
Partition 0: 1 clusters
Partition 0: 1 clusters
Partition 0: 1 clusters
Partition 0: 2 clusters
Partition 0: 2 clusters
Partition 0: 2 clusters
Partition 0: 1 clusters
Partition 0: 1 clusters
Partition 0: 2 clusters
Partition 0: 1 clusters
The 17 Communcation Accuracy: 52.868 Method: fpl
[61.61, 75.26, 37.93, 36.67]
Partition 0: 2 clusters
Partition 0: 2 clusters
Partition 0: 1 clusters
Partition 0: 2 clusters
Partition 0: 1 clusters
Partition 0: 1 clusters
Partition 0: 3 clusters
Partition 0: 1 clusters
Partition 0: 3 clusters
Partition 0: 1 clusters
The 18 Communcation Accuracy: 51.582 Method: fpl
[62.5, 69.47, 31.03, 43.33]
Partition 0: 1 clusters
Partition 0: 3 clusters
Partition 0: 2 clusters
Partition 0: 1 clusters
Partition 0: 2 clusters
Partition 0: 2 clusters
Partition 0: 1 clusters
Partition 0: 1 clusters
Partition 0: 2 clusters
Partition 0: 1 clusters
The 19 Communcation Accuracy: 50.575 Method: fpl
[58.93, 72.11, 37.93, 33.33]
Partition 0: 3 clusters
Partition 0: 1 clusters
Partition 0: 1 clusters
Partition 0: 1 clusters
Partition 0: 1 clusters
Partition 0: 1 clusters
Partition 0: 1 clusters
Partition 0: 2 clusters
Partition 0: 1 clusters
Partition 0: 1 clusters
The 20 Communcation Accuracy: 51.567 Method: fpl
[60.27, 74.74, 37.93, 33.33]
Partition 0: 1 clusters
Partition 0: 1 clusters
Partition 0: 2 clusters
Partition 0: 2 clusters
Partition 0: 2 clusters
Partition 0: 2 clusters
Partition 0: 2 clusters
Partition 0: 2 clusters
Partition 0: 2 clusters
Partition 0: 1 clusters
The 21 Communcation Accuracy: 48.748 Method: fpl
[57.59, 69.47, 37.93, 30.0]
Partition 0: 2 clusters
Partition 0: 2 clusters
Partition 0: 2 clusters
Partition 0: 1 clusters
Partition 0: 1 clusters
Partition 0: 3 clusters
Partition 0: 1 clusters
Partition 0: 1 clusters
Partition 0: 2 clusters
Partition 0: 1 clusters
The 22 Communcation Accuracy: 52.93 Method: fpl
[61.61, 73.68, 43.1, 33.33]
Partition 0: 1 clusters
Partition 0: 1 clusters
Partition 0: 2 clusters
Partition 0: 1 clusters
Partition 0: 2 clusters
Partition 0: 1 clusters
Partition 0: 1 clusters
Partition 0: 1 clusters
Partition 0: 1 clusters
Partition 0: 2 clusters
The 23 Communcation Accuracy: 52.927 Method: fpl
[62.5, 71.05, 44.83, 33.33]
Partition 0: 2 clusters
Partition 0: 1 clusters
Partition 0: 2 clusters
Partition 0: 1 clusters
Partition 0: 2 clusters
Partition 0: 2 clusters
Partition 0: 2 clusters
Partition 0: 1 clusters
Partition 0: 1 clusters
Partition 0: 1 clusters
The 24 Communcation Accuracy: 49.88 Method: fpl
[56.7, 73.16, 39.66, 30.0]
Partition 0: 1 clusters
Partition 0: 1 clusters
Partition 0: 1 clusters
Partition 0: 3 clusters
Partition 0: 2 clusters
Partition 0: 2 clusters
Partition 0: 1 clusters
Partition 0: 2 clusters
Partition 0: 3 clusters
Partition 0: 1 clusters
The 25 Communcation Accuracy: 53.832 Method: fpl
[60.71, 74.74, 46.55, 33.33]
Partition 0: 1 clusters
Partition 0: 3 clusters
Partition 0: 1 clusters
Partition 0: 1 clusters
Partition 0: 2 clusters
Partition 0: 1 clusters
Partition 0: 2 clusters
Partition 0: 1 clusters
Partition 0: 1 clusters
Partition 0: 1 clusters
The 26 Communcation Accuracy: 52.335 Method: fpl
[61.61, 74.74, 39.66, 33.33]
Partition 0: 1 clusters
Partition 0: 2 clusters
Partition 0: 2 clusters
Partition 0: 1 clusters
Partition 0: 2 clusters
Partition 0: 3 clusters
Partition 0: 1 clusters
Partition 0: 1 clusters
Partition 0: 2 clusters
Partition 0: 2 clusters
The 27 Communcation Accuracy: 48.965 Method: fpl
[60.27, 77.89, 31.03, 26.67]
Partition 0: 1 clusters
Partition 0: 1 clusters
Partition 0: 1 clusters
Partition 0: 1 clusters
Partition 0: 1 clusters
Partition 0: 1 clusters
Partition 0: 2 clusters
Partition 0: 1 clusters
Partition 0: 2 clusters
Partition 0: 1 clusters
The 28 Communcation Accuracy: 56.532 Method: fpl
[61.61, 79.47, 51.72, 33.33]
Partition 0: 2 clusters
Partition 0: 2 clusters
Partition 0: 1 clusters
Partition 0: 1 clusters
Partition 0: 1 clusters
Partition 0: 1 clusters
Partition 0: 1 clusters
Partition 0: 2 clusters
Partition 0: 1 clusters
Partition 0: 1 clusters
The 29 Communcation Accuracy: 55.845 Method: fpl
[66.07, 74.21, 43.1, 40.0]
Partition 0: 2 clusters
Partition 0: 1 clusters
Partition 0: 1 clusters
Partition 0: 1 clusters
Partition 0: 1 clusters
Partition 0: 1 clusters
Partition 0: 1 clusters
Partition 0: 1 clusters
Partition 0: 1 clusters
Partition 0: 1 clusters
The 30 Communcation Accuracy: 54.27 Method: fpl
[62.05, 75.26, 43.1, 36.67]
Partition 0: 1 clusters
Partition 0: 3 clusters
Partition 0: 2 clusters
Partition 0: 2 clusters
Partition 0: 1 clusters
Partition 0: 2 clusters
Partition 0: 2 clusters
Partition 0: 1 clusters
Partition 0: 1 clusters
Partition 0: 2 clusters
The 31 Communcation Accuracy: 54.502 Method: fpl
[63.39, 74.74, 46.55, 33.33]
Partition 0: 2 clusters
Partition 0: 1 clusters
Partition 0: 2 clusters
Partition 0: 1 clusters
Partition 0: 2 clusters
Partition 0: 1 clusters
Partition 0: 1 clusters
Partition 0: 1 clusters
Partition 0: 1 clusters
Partition 0: 1 clusters
The 32 Communcation Accuracy: 57.045 Method: fpl
[62.95, 76.84, 51.72, 36.67]
Partition 0: 2 clusters
Partition 0: 1 clusters
Partition 0: 1 clusters
Partition 0: 1 clusters
Partition 0: 1 clusters
Partition 0: 1 clusters
Partition 0: 2 clusters
Partition 0: 1 clusters
Partition 0: 1 clusters
Partition 0: 2 clusters
The 33 Communcation Accuracy: 55.97 Method: fpl
[62.5, 80.0, 41.38, 40.0]
Partition 0: 1 clusters
Partition 0: 1 clusters
Partition 0: 2 clusters
Partition 0: 1 clusters
Partition 0: 1 clusters
Partition 0: 1 clusters
Partition 0: 1 clusters
Partition 0: 2 clusters
Partition 0: 2 clusters
Partition 0: 1 clusters
The 34 Communcation Accuracy: 57.443 Method: fpl
[61.61, 76.32, 55.17, 36.67]
Partition 0: 1 clusters
Partition 0: 1 clusters
Partition 0: 1 clusters
Partition 0: 2 clusters
Partition 0: 1 clusters
Partition 0: 1 clusters
Partition 0: 2 clusters
Partition 0: 1 clusters
Partition 0: 2 clusters
Partition 0: 2 clusters
The 35 Communcation Accuracy: 53.812 Method: fpl
[62.5, 76.32, 43.1, 33.33]
Partition 0: 1 clusters
Partition 0: 2 clusters
Partition 0: 1 clusters
Partition 0: 1 clusters
Partition 0: 2 clusters
Partition 0: 1 clusters
Partition 0: 2 clusters
Partition 0: 1 clusters
Partition 0: 1 clusters
Partition 0: 1 clusters
The 36 Communcation Accuracy: 54.902 Method: fpl
[59.82, 74.74, 51.72, 33.33]
Partition 0: 2 clusters
Partition 0: 1 clusters
Partition 0: 1 clusters
Partition 0: 1 clusters
Partition 0: 1 clusters
Partition 0: 1 clusters
Partition 0: 1 clusters
Partition 0: 2 clusters
Partition 0: 1 clusters
Partition 0: 2 clusters
The 37 Communcation Accuracy: 53.775 Method: fpl
[62.5, 77.89, 41.38, 33.33]
Partition 0: 1 clusters
Partition 0: 1 clusters
Partition 0: 1 clusters
Partition 0: 2 clusters
Partition 0: 1 clusters
Partition 0: 2 clusters
Partition 0: 1 clusters
Partition 0: 3 clusters
Partition 0: 1 clusters
Partition 0: 1 clusters
The 38 Communcation Accuracy: 52.398 Method: fpl
[62.95, 75.26, 41.38, 30.0]
Partition 0: 1 clusters
Partition 0: 2 clusters
Partition 0: 2 clusters
Partition 0: 1 clusters
Partition 0: 1 clusters
Partition 0: 1 clusters
Partition 0: 2 clusters
Partition 0: 1 clusters
Partition 0: 1 clusters
Partition 0: 3 clusters
The 39 Communcation Accuracy: 60.45 Method: fpl
[66.07, 78.95, 53.45, 43.33]
Partition 0: 1 clusters
Partition 0: 1 clusters
Partition 0: 1 clusters
Partition 0: 1 clusters
Partition 0: 2 clusters
Partition 0: 1 clusters
Partition 0: 1 clusters
Partition 0: 1 clusters
Partition 0: 1 clusters
Partition 0: 1 clusters
The 40 Communcation Accuracy: 58.472 Method: fpl
[62.95, 77.37, 56.9, 36.67]
Partition 0: 1 clusters
Partition 0: 1 clusters
Partition 0: 1 clusters
Partition 0: 2 clusters
Partition 0: 1 clusters
Partition 0: 1 clusters
Partition 0: 2 clusters
Partition 0: 1 clusters
Partition 0: 2 clusters
Partition 0: 1 clusters
The 41 Communcation Accuracy: 57.915 Method: fpl
[64.29, 77.37, 50.0, 40.0]
Partition 0: 1 clusters
Partition 0: 1 clusters
Partition 0: 1 clusters
Partition 0: 1 clusters
Partition 0: 1 clusters
Partition 0: 1 clusters
Partition 0: 1 clusters
Partition 0: 2 clusters
Partition 0: 1 clusters
Partition 0: 1 clusters
The 42 Communcation Accuracy: 58.615 Method: fpl
[66.07, 80.0, 51.72, 36.67]
Partition 0: 1 clusters
Partition 0: 1 clusters
Partition 0: 1 clusters
Partition 0: 1 clusters
Partition 0: 2 clusters
Partition 0: 2 clusters
Partition 0: 1 clusters
Partition 0: 1 clusters
Partition 0: 1 clusters
Partition 0: 1 clusters
The 43 Communcation Accuracy: 56.045 Method: fpl
[62.5, 80.53, 34.48, 46.67]
Partition 0: 1 clusters
Partition 0: 1 clusters
Partition 0: 1 clusters
Partition 0: 2 clusters
Partition 0: 1 clusters
Partition 0: 1 clusters
Partition 0: 1 clusters
Partition 0: 1 clusters
Partition 0: 1 clusters
Partition 0: 1 clusters
The 44 Communcation Accuracy: 59.938 Method: fpl
[66.07, 73.68, 50.0, 50.0]
Partition 0: 2 clusters
Partition 0: 1 clusters
Partition 0: 1 clusters
Partition 0: 1 clusters
Partition 0: 1 clusters
Partition 0: 1 clusters
Partition 0: 2 clusters
Partition 0: 2 clusters
Partition 0: 1 clusters
Partition 0: 2 clusters
The 45 Communcation Accuracy: 57.503 Method: fpl
[63.84, 77.89, 48.28, 40.0]
Partition 0: 1 clusters
Partition 0: 1 clusters
Partition 0: 2 clusters
Partition 0: 1 clusters
Partition 0: 1 clusters
Partition 0: 1 clusters
Partition 0: 2 clusters
Partition 0: 1 clusters
Partition 0: 1 clusters
Partition 0: 1 clusters
The 46 Communcation Accuracy: 56.163 Method: fpl
[64.73, 78.42, 44.83, 36.67]
Partition 0: 1 clusters
Partition 0: 2 clusters
Partition 0: 1 clusters
Partition 0: 1 clusters
Partition 0: 1 clusters
Partition 0: 1 clusters
Partition 0: 2 clusters
Partition 0: 2 clusters
Partition 0: 2 clusters
Partition 0: 1 clusters
The 47 Communcation Accuracy: 57.647 Method: fpl
[66.07, 79.47, 51.72, 33.33]
Partition 0: 1 clusters
Partition 0: 2 clusters
Partition 0: 1 clusters
Partition 0: 1 clusters
Partition 0: 1 clusters
Partition 0: 2 clusters
Partition 0: 2 clusters
Partition 0: 1 clusters
Partition 0: 2 clusters
Partition 0: 2 clusters
The 48 Communcation Accuracy: 60.74 Method: fpl
[65.62, 78.95, 51.72, 46.67]
Partition 0: 1 clusters
Partition 0: 1 clusters
Partition 0: 1 clusters
Partition 0: 1 clusters
Partition 0: 1 clusters
Partition 0: 1 clusters
Partition 0: 2 clusters
Partition 0: 2 clusters
Partition 0: 1 clusters
Partition 0: 1 clusters
The 49 Communcation Accuracy: 60.19 Method: fpl
[63.84, 78.42, 55.17, 43.33]
Partition 0: 1 clusters
Partition 0: 1 clusters
Partition 0: 1 clusters
Partition 0: 1 clusters
Partition 0: 1 clusters
Partition 0: 1 clusters
Partition 0: 1 clusters
Partition 0: 1 clusters
Partition 0: 1 clusters
Partition 0: 1 clusters
The 50 Communcation Accuracy: 59.053 Method: fpl
[65.62, 77.37, 46.55, 46.67]
Partition 0: 1 clusters
Partition 0: 1 clusters
Partition 0: 3 clusters
Partition 0: 1 clusters
Partition 0: 1 clusters
Partition 0: 1 clusters
Partition 0: 2 clusters
Partition 0: 1 clusters
Partition 0: 2 clusters
Partition 0: 1 clusters
The 51 Communcation Accuracy: 56.278 Method: fpl
[63.84, 76.32, 48.28, 36.67]
Partition 0: 1 clusters
Partition 0: 1 clusters
Partition 0: 1 clusters
Partition 0: 1 clusters
Partition 0: 1 clusters
Partition 0: 1 clusters
Partition 0: 3 clusters
Partition 0: 2 clusters
Partition 0: 2 clusters
Partition 0: 1 clusters
The 52 Communcation Accuracy: 61.443 Method: fpl
[64.73, 77.37, 60.34, 43.33]
Partition 0: 1 clusters
Partition 0: 1 clusters
Partition 0: 1 clusters
Partition 0: 1 clusters
Partition 0: 1 clusters
Partition 0: 1 clusters
Partition 0: 1 clusters
Partition 0: 1 clusters
Partition 0: 1 clusters
Partition 0: 1 clusters
The 53 Communcation Accuracy: 60.518 Method: fpl
[64.73, 78.95, 51.72, 46.67]
Partition 0: 1 clusters
Partition 0: 1 clusters
Partition 0: 1 clusters
Partition 0: 1 clusters
Partition 0: 1 clusters
Partition 0: 1 clusters
Partition 0: 1 clusters
Partition 0: 1 clusters
Partition 0: 1 clusters
Partition 0: 1 clusters
The 54 Communcation Accuracy: 61.463 Method: fpl
[65.62, 80.0, 56.9, 43.33]
Partition 0: 1 clusters
Partition 0: 1 clusters
Partition 0: 1 clusters
Partition 0: 1 clusters
Partition 0: 1 clusters
Partition 0: 2 clusters
Partition 0: 1 clusters
Partition 0: 1 clusters
Partition 0: 1 clusters
Partition 0: 1 clusters
The 55 Communcation Accuracy: 60.675 Method: fpl
[64.73, 79.47, 55.17, 43.33]
Partition 0: 1 clusters
Partition 0: 1 clusters
Partition 0: 1 clusters
Partition 0: 1 clusters
Partition 0: 1 clusters
Partition 0: 1 clusters
Partition 0: 1 clusters
Partition 0: 1 clusters
Partition 0: 1 clusters
Partition 0: 1 clusters
The 56 Communcation Accuracy: 58.648 Method: fpl
[64.73, 81.58, 48.28, 40.0]
Partition 0: 1 clusters
Partition 0: 2 clusters
Partition 0: 2 clusters
Partition 0: 1 clusters
Partition 0: 1 clusters
Partition 0: 2 clusters
Partition 0: 1 clusters
Partition 0: 2 clusters
Partition 0: 1 clusters
Partition 0: 1 clusters
The 57 Communcation Accuracy: 61.345 Method: fpl
[64.73, 80.53, 53.45, 46.67]
Partition 0: 1 clusters
Partition 0: 1 clusters
Partition 0: 1 clusters
Partition 0: 1 clusters
Partition 0: 1 clusters
Partition 0: 2 clusters
Partition 0: 1 clusters
Partition 0: 1 clusters
Partition 0: 1 clusters
Partition 0: 1 clusters
The 58 Communcation Accuracy: 59.957 Method: fpl
[67.41, 77.37, 51.72, 43.33]
Partition 0: 1 clusters
Partition 0: 2 clusters
Partition 0: 2 clusters
Partition 0: 1 clusters
Partition 0: 1 clusters
Partition 0: 1 clusters
Partition 0: 2 clusters
Partition 0: 1 clusters
Partition 0: 2 clusters
Partition 0: 2 clusters
The 59 Communcation Accuracy: 61.995 Method: fpl
[66.52, 77.89, 56.9, 46.67]
Partition 0: 1 clusters
Partition 0: 1 clusters
Partition 0: 1 clusters
Partition 0: 1 clusters
Partition 0: 3 clusters
Partition 0: 1 clusters
Partition 0: 2 clusters
Partition 0: 1 clusters
Partition 0: 2 clusters
Partition 0: 2 clusters
The 60 Communcation Accuracy: 62.935 Method: fpl
[64.29, 78.95, 55.17, 53.33]
Partition 0: 1 clusters
Partition 0: 1 clusters
Partition 0: 1 clusters
Partition 0: 2 clusters
Partition 0: 1 clusters
Partition 0: 2 clusters
Partition 0: 2 clusters
Partition 0: 1 clusters
Partition 0: 1 clusters
Partition 0: 1 clusters
The 61 Communcation Accuracy: 62.595 Method: fpl
[65.62, 79.47, 58.62, 46.67]
Partition 0: 1 clusters
Partition 0: 1 clusters
Partition 0: 2 clusters
Partition 0: 1 clusters
Partition 0: 1 clusters
Partition 0: 2 clusters
Partition 0: 1 clusters
Partition 0: 1 clusters
Partition 0: 1 clusters
Partition 0: 1 clusters
The 62 Communcation Accuracy: 62.82 Method: fpl
[66.52, 79.47, 58.62, 46.67]
Partition 0: 2 clusters
Partition 0: 1 clusters
Partition 0: 1 clusters
Partition 0: 1 clusters
Partition 0: 1 clusters
Partition 0: 2 clusters
Partition 0: 1 clusters
Partition 0: 2 clusters
Partition 0: 1 clusters
Partition 0: 1 clusters
The 63 Communcation Accuracy: 62.068 Method: fpl
[66.96, 79.47, 55.17, 46.67]
Partition 0: 1 clusters
Partition 0: 1 clusters
Partition 0: 2 clusters
Partition 0: 2 clusters
Partition 0: 1 clusters
Partition 0: 2 clusters
Partition 0: 2 clusters
Partition 0: 1 clusters
Partition 0: 2 clusters
Partition 0: 1 clusters
The 64 Communcation Accuracy: 62.165 Method: fpl
[65.62, 79.47, 56.9, 46.67]
Partition 0: 1 clusters
Partition 0: 1 clusters
Partition 0: 1 clusters
Partition 0: 1 clusters
Partition 0: 1 clusters
Partition 0: 2 clusters
Partition 0: 1 clusters
Partition 0: 2 clusters
Partition 0: 1 clusters
Partition 0: 1 clusters
The 65 Communcation Accuracy: 62.168 Method: fpl
[64.29, 77.37, 60.34, 46.67]
Partition 0: 1 clusters
Partition 0: 2 clusters
Partition 0: 1 clusters
Partition 0: 1 clusters
Partition 0: 1 clusters
Partition 0: 1 clusters
Partition 0: 1 clusters
Partition 0: 2 clusters
Partition 0: 1 clusters
Partition 0: 1 clusters
The 66 Communcation Accuracy: 58.043 Method: fpl
[65.62, 80.0, 46.55, 40.0]
Partition 0: 1 clusters
Partition 0: 1 clusters
Partition 0: 2 clusters
Partition 0: 1 clusters
Partition 0: 1 clusters
Partition 0: 1 clusters
Partition 0: 1 clusters
Partition 0: 1 clusters
Partition 0: 2 clusters
Partition 0: 2 clusters
The 67 Communcation Accuracy: 60.802 Method: fpl
[64.29, 80.53, 51.72, 46.67]
Partition 0: 2 clusters
Partition 0: 1 clusters
Partition 0: 1 clusters
Partition 0: 3 clusters
Partition 0: 1 clusters
Partition 0: 1 clusters
Partition 0: 1 clusters
Partition 0: 2 clusters
Partition 0: 2 clusters
Partition 0: 1 clusters
The 68 Communcation Accuracy: 63.618 Method: fpl
[66.52, 81.05, 56.9, 50.0]
Partition 0: 1 clusters
Partition 0: 1 clusters
Partition 0: 1 clusters
Partition 0: 1 clusters
Partition 0: 1 clusters
Partition 0: 2 clusters
Partition 0: 1 clusters
Partition 0: 1 clusters
Partition 0: 2 clusters
Partition 0: 1 clusters
The 69 Communcation Accuracy: 63.355 Method: fpl
[66.52, 80.0, 56.9, 50.0]
Partition 0: 1 clusters
Partition 0: 2 clusters
Partition 0: 1 clusters
Partition 0: 2 clusters
Partition 0: 2 clusters
Partition 0: 1 clusters
Partition 0: 2 clusters
Partition 0: 2 clusters
Partition 0: 1 clusters
Partition 0: 2 clusters
The 70 Communcation Accuracy: 64.222 Method: fpl
[67.86, 80.53, 55.17, 53.33]
Partition 0: 1 clusters
Partition 0: 1 clusters
Partition 0: 1 clusters
Partition 0: 1 clusters
Partition 0: 2 clusters
Partition 0: 2 clusters
Partition 0: 2 clusters
Partition 0: 2 clusters
Partition 0: 2 clusters
Partition 0: 1 clusters
The 71 Communcation Accuracy: 64.575 Method: fpl
[68.75, 81.05, 55.17, 53.33]
Partition 0: 1 clusters
Partition 0: 1 clusters
Partition 0: 2 clusters
Partition 0: 1 clusters
Partition 0: 1 clusters
Partition 0: 1 clusters
Partition 0: 1 clusters
Partition 0: 1 clusters
Partition 0: 1 clusters
Partition 0: 1 clusters
The 72 Communcation Accuracy: 60.215 Method: fpl
[67.41, 80.0, 53.45, 40.0]
Partition 0: 1 clusters
Partition 0: 2 clusters
Partition 0: 1 clusters
Partition 0: 1 clusters
Partition 0: 2 clusters
Partition 0: 1 clusters
Partition 0: 2 clusters
Partition 0: 1 clusters
Partition 0: 2 clusters
Partition 0: 1 clusters
The 73 Communcation Accuracy: 62.312 Method: fpl
[67.41, 80.0, 55.17, 46.67]
Partition 0: 1 clusters
Partition 0: 1 clusters
Partition 0: 1 clusters
Partition 0: 2 clusters
Partition 0: 2 clusters
Partition 0: 2 clusters
Partition 0: 1 clusters
Partition 0: 2 clusters
Partition 0: 1 clusters
Partition 0: 1 clusters
The 74 Communcation Accuracy: 63.988 Method: fpl
[67.86, 79.47, 58.62, 50.0]
Partition 0: 2 clusters
Partition 0: 1 clusters
Partition 0: 1 clusters
Partition 0: 1 clusters
Partition 0: 2 clusters
Partition 0: 1 clusters
Partition 0: 1 clusters
Partition 0: 2 clusters
Partition 0: 1 clusters
Partition 0: 1 clusters
The 75 Communcation Accuracy: 64.218 Method: fpl
[68.75, 77.89, 56.9, 53.33]
Partition 0: 1 clusters
Partition 0: 1 clusters
Partition 0: 2 clusters
Partition 0: 1 clusters
Partition 0: 2 clusters
Partition 0: 1 clusters
Partition 0: 1 clusters
Partition 0: 1 clusters
Partition 0: 1 clusters
Partition 0: 1 clusters
The 76 Communcation Accuracy: 59.1 Method: fpl
[66.52, 80.0, 46.55, 43.33]
Partition 0: 2 clusters
Partition 0: 1 clusters
Partition 0: 1 clusters
Partition 0: 1 clusters
Partition 0: 2 clusters
Partition 0: 1 clusters
Partition 0: 2 clusters
Partition 0: 1 clusters
Partition 0: 1 clusters
Partition 0: 1 clusters
The 77 Communcation Accuracy: 61.805 Method: fpl
[66.96, 78.42, 55.17, 46.67]
Partition 0: 2 clusters
Partition 0: 1 clusters
Partition 0: 1 clusters
Partition 0: 1 clusters
Partition 0: 2 clusters
Partition 0: 1 clusters
Partition 0: 1 clusters
Partition 0: 1 clusters
Partition 0: 1 clusters
Partition 0: 1 clusters
The 78 Communcation Accuracy: 63.202 Method: fpl
[66.96, 78.95, 56.9, 50.0]
Partition 0: 1 clusters
Partition 0: 1 clusters
Partition 0: 2 clusters
Partition 0: 1 clusters
Partition 0: 1 clusters
Partition 0: 2 clusters
Partition 0: 1 clusters
Partition 0: 1 clusters
Partition 0: 1 clusters
Partition 0: 1 clusters
The 79 Communcation Accuracy: 63.302 Method: fpl
[64.73, 81.58, 56.9, 50.0]
Partition 0: 1 clusters
Partition 0: 2 clusters
Partition 0: 1 clusters
Partition 0: 1 clusters
Partition 0: 1 clusters
Partition 0: 2 clusters
Partition 0: 1 clusters
Partition 0: 2 clusters
Partition 0: 2 clusters
Partition 0: 1 clusters
The 80 Communcation Accuracy: 62.913 Method: fpl
[67.41, 78.95, 58.62, 46.67]
Partition 0: 1 clusters
Partition 0: 1 clusters
Partition 0: 1 clusters
Partition 0: 1 clusters
Partition 0: 1 clusters
Partition 0: 1 clusters
Partition 0: 2 clusters
Partition 0: 1 clusters
Partition 0: 2 clusters
Partition 0: 1 clusters
The 81 Communcation Accuracy: 63.007 Method: fpl
[66.07, 78.95, 60.34, 46.67]
Partition 0: 1 clusters
Partition 0: 1 clusters
Partition 0: 2 clusters
Partition 0: 1 clusters
Partition 0: 2 clusters
Partition 0: 1 clusters
Partition 0: 1 clusters
Partition 0: 1 clusters
Partition 0: 1 clusters
Partition 0: 1 clusters
The 82 Communcation Accuracy: 62.93 Method: fpl
[68.3, 81.58, 55.17, 46.67]
Partition 0: 1 clusters
Partition 0: 1 clusters
Partition 0: 2 clusters
Partition 0: 1 clusters
Partition 0: 1 clusters
Partition 0: 2 clusters
Partition 0: 1 clusters
Partition 0: 2 clusters
Partition 0: 2 clusters
Partition 0: 2 clusters
The 83 Communcation Accuracy: 64.028 Method: fpl
[66.96, 80.53, 58.62, 50.0]
Partition 0: 2 clusters
Partition 0: 1 clusters
Partition 0: 1 clusters
Partition 0: 1 clusters
Partition 0: 2 clusters
Partition 0: 1 clusters
Partition 0: 2 clusters
Partition 0: 1 clusters
Partition 0: 1 clusters
Partition 0: 1 clusters
The 84 Communcation Accuracy: 64.9 Method: fpl
[66.07, 81.58, 58.62, 53.33]
Partition 0: 1 clusters
Partition 0: 1 clusters
Partition 0: 1 clusters
Partition 0: 1 clusters
Partition 0: 1 clusters
Partition 0: 1 clusters
Partition 0: 1 clusters
Partition 0: 1 clusters
Partition 0: 1 clusters
Partition 0: 1 clusters
The 85 Communcation Accuracy: 63.86 Method: fpl
[66.96, 81.58, 56.9, 50.0]
Partition 0: 2 clusters
Partition 0: 1 clusters
Partition 0: 2 clusters
Partition 0: 1 clusters
Partition 0: 1 clusters
Partition 0: 1 clusters
Partition 0: 1 clusters
Partition 0: 1 clusters
Partition 0: 2 clusters
Partition 0: 1 clusters
The 86 Communcation Accuracy: 61.77 Method: fpl
[66.96, 80.0, 53.45, 46.67]
Partition 0: 2 clusters
Partition 0: 1 clusters
Partition 0: 1 clusters
Partition 0: 1 clusters
Partition 0: 1 clusters
Partition 0: 1 clusters
Partition 0: 2 clusters
Partition 0: 2 clusters
Partition 0: 1 clusters
Partition 0: 1 clusters
The 87 Communcation Accuracy: 62.668 Method: fpl
[68.3, 80.53, 55.17, 46.67]
Partition 0: 1 clusters
Partition 0: 1 clusters
Partition 0: 1 clusters
Partition 0: 1 clusters
Partition 0: 1 clusters
Partition 0: 1 clusters
Partition 0: 1 clusters
Partition 0: 2 clusters
Partition 0: 1 clusters
Partition 0: 1 clusters
The 88 Communcation Accuracy: 62.68 Method: fpl
[66.52, 80.53, 60.34, 43.33]
Partition 0: 1 clusters
Partition 0: 1 clusters
Partition 0: 1 clusters
Partition 0: 1 clusters
Partition 0: 1 clusters
Partition 0: 1 clusters
Partition 0: 1 clusters
Partition 0: 1 clusters
Partition 0: 1 clusters
Partition 0: 1 clusters
The 89 Communcation Accuracy: 63.105 Method: fpl
[64.73, 78.95, 62.07, 46.67]
Partition 0: 2 clusters
Partition 0: 2 clusters
Partition 0: 1 clusters
Partition 0: 1 clusters
Partition 0: 1 clusters
Partition 0: 2 clusters
Partition 0: 2 clusters
Partition 0: 2 clusters
Partition 0: 2 clusters
Partition 0: 1 clusters
The 90 Communcation Accuracy: 61.01 Method: fpl
[66.07, 79.47, 55.17, 43.33]
Partition 0: 1 clusters
Partition 0: 1 clusters
Partition 0: 2 clusters
Partition 0: 1 clusters
Partition 0: 1 clusters
Partition 0: 2 clusters
Partition 0: 2 clusters
Partition 0: 2 clusters
Partition 0: 2 clusters
Partition 0: 1 clusters
The 91 Communcation Accuracy: 61.985 Method: fpl
[66.52, 79.47, 58.62, 43.33]
Partition 0: 2 clusters
Partition 0: 1 clusters
Partition 0: 1 clusters
Partition 0: 2 clusters
Partition 0: 1 clusters
Partition 0: 2 clusters
Partition 0: 1 clusters
Partition 0: 1 clusters
Partition 0: 1 clusters
Partition 0: 2 clusters
The 92 Communcation Accuracy: 62.612 Method: fpl
[67.41, 79.47, 56.9, 46.67]
Partition 0: 1 clusters
Partition 0: 1 clusters
Partition 0: 1 clusters
Partition 0: 1 clusters
Partition 0: 2 clusters
Partition 0: 2 clusters
Partition 0: 1 clusters
Partition 0: 1 clusters
Partition 0: 1 clusters
Partition 0: 1 clusters
The 93 Communcation Accuracy: 63.05 Method: fpl
[67.41, 77.89, 56.9, 50.0]
Partition 0: 1 clusters
Partition 0: 2 clusters
Partition 0: 1 clusters
Partition 0: 2 clusters
Partition 0: 1 clusters
Partition 0: 1 clusters
Partition 0: 1 clusters
Partition 0: 1 clusters
Partition 0: 2 clusters
Partition 0: 2 clusters
The 94 Communcation Accuracy: 62.463 Method: fpl
[67.86, 78.42, 56.9, 46.67]
Partition 0: 1 clusters
Partition 0: 2 clusters
Partition 0: 2 clusters
Partition 0: 1 clusters
Partition 0: 1 clusters
Partition 0: 2 clusters
Partition 0: 2 clusters
Partition 0: 1 clusters
Partition 0: 1 clusters
Partition 0: 2 clusters
The 95 Communcation Accuracy: 61.828 Method: fpl
[66.52, 78.95, 55.17, 46.67]
Partition 0: 2 clusters
Partition 0: 2 clusters
Partition 0: 1 clusters
Partition 0: 1 clusters
Partition 0: 1 clusters
Partition 0: 2 clusters
Partition 0: 1 clusters
Partition 0: 1 clusters
Partition 0: 1 clusters
Partition 0: 2 clusters
The 96 Communcation Accuracy: 64.595 Method: fpl
[66.96, 79.47, 58.62, 53.33]
Partition 0: 1 clusters
Partition 0: 1 clusters
Partition 0: 2 clusters
Partition 0: 1 clusters
Partition 0: 1 clusters
Partition 0: 1 clusters
Partition 0: 2 clusters
Partition 0: 1 clusters
Partition 0: 1 clusters
Partition 0: 2 clusters
The 97 Communcation Accuracy: 64.128 Method: fpl
[67.86, 78.42, 56.9, 53.33]
Partition 0: 1 clusters
Partition 0: 1 clusters
Partition 0: 1 clusters
Partition 0: 1 clusters
Partition 0: 1 clusters
Partition 0: 1 clusters
Partition 0: 2 clusters
Partition 0: 2 clusters
Partition 0: 1 clusters
Partition 0: 2 clusters
The 98 Communcation Accuracy: 63.925 Method: fpl
[66.52, 78.95, 56.9, 53.33]
Partition 0: 1 clusters
Partition 0: 1 clusters
Partition 0: 1 clusters
Partition 0: 1 clusters
Partition 0: 1 clusters
Partition 0: 1 clusters
Partition 0: 2 clusters
Partition 0: 1 clusters
Partition 0: 2 clusters
Partition 0: 1 clusters
The 99 Communcation Accuracy: 61.43 Method: fpl
[66.07, 76.32, 50.0, 53.33]
